# JRE version: Java(TM) SE Runtime Environment (8.0_171-b11) (build 1.8.0_171-b11)
# Java VM: Java HotSpot(TM) 64-Bit Server VM (25.171-b11 mixed mode windows-amd64 compressed oops)
Heap:
 PSYoungGen      total 75776K, used 6694K [0x000000076b600000, 0x0000000771e80000, 0x00000007c0000000)
  eden space 65024K, 10% used [0x000000076b600000,0x000000076bc89940,0x000000076f580000)
  from space 10752K, 0% used [0x000000076f580000,0x000000076f580000,0x0000000770000000)
  to   space 10752K, 0% used [0x0000000771400000,0x0000000771400000,0x0000000771e80000)
 ParOldGen       total 118784K, used 17747K [0x00000006c2200000, 0x00000006c9600000, 0x000000076b600000)
  object space 118784K, 14% used [0x00000006c2200000,0x00000006c3354fb8,0x00000006c9600000)
 Metaspace       used 36044K, capacity 36444K, committed 36864K, reserved 1081344K
  class space    used 5195K, capacity 5314K, committed 5376K, reserved 1048576K
GC Heap History (10 events):
Event: 0.740 GC heap before
{Heap before GC invocations=1 (full 0):
 PSYoungGen      total 75776K, used 65024K [0x000000076b600000, 0x0000000770a80000, 0x00000007c0000000)
  eden space 65024K, 100% used [0x000000076b600000,0x000000076f580000,0x000000076f580000)
  from space 10752K, 0% used [0x0000000770000000,0x0000000770000000,0x0000000770a80000)
  to   space 10752K, 0% used [0x000000076f580000,0x000000076f580000,0x0000000770000000)
 ParOldGen       total 173568K, used 0K [0x00000006c2200000, 0x00000006ccb80000, 0x000000076b600000)
  object space 173568K, 0% used [0x00000006c2200000,0x00000006c2200000,0x00000006ccb80000)
 Metaspace       used 15544K, capacity 15740K, committed 16128K, reserved 1062912K
  class space    used 2147K, capacity 2234K, committed 2304K, reserved 1048576K
Event: 0.745 GC heap after
Heap after GC invocations=1 (full 0):
 PSYoungGen      total 75776K, used 6626K [0x000000076b600000, 0x0000000770a80000, 0x00000007c0000000)
  eden space 65024K, 0% used [0x000000076b600000,0x000000076b600000,0x000000076f580000)
  from space 10752K, 61% used [0x000000076f580000,0x000000076fbf8b90,0x0000000770000000)
  to   space 10752K, 0% used [0x0000000770000000,0x0000000770000000,0x0000000770a80000)
 ParOldGen       total 173568K, used 80K [0x00000006c2200000, 0x00000006ccb80000, 0x000000076b600000)
  object space 173568K, 0% used [0x00000006c2200000,0x00000006c2214010,0x00000006ccb80000)
 Metaspace       used 15544K, capacity 15740K, committed 16128K, reserved 1062912K
  class space    used 2147K, capacity 2234K, committed 2304K, reserved 1048576K
}
Event: 1.410 GC heap before
{Heap before GC invocations=2 (full 0):
 PSYoungGen      total 75776K, used 56798K [0x000000076b600000, 0x0000000770a80000, 0x00000007c0000000)
  eden space 65024K, 77% used [0x000000076b600000,0x000000076e6fedc8,0x000000076f580000)
  from space 10752K, 61% used [0x000000076f580000,0x000000076fbf8b90,0x0000000770000000)
  to   space 10752K, 0% used [0x0000000770000000,0x0000000770000000,0x0000000770a80000)
 ParOldGen       total 173568K, used 80K [0x00000006c2200000, 0x00000006ccb80000, 0x000000076b600000)
  object space 173568K, 0% used [0x00000006c2200000,0x00000006c2214010,0x00000006ccb80000)
 Metaspace       used 20881K, capacity 21096K, committed 21296K, reserved 1067008K
  class space    used 3044K, capacity 3122K, committed 3200K, reserved 1048576K
Event: 1.416 GC heap after
Heap after GC invocations=2 (full 0):
 PSYoungGen      total 75776K, used 8309K [0x000000076b600000, 0x0000000770a80000, 0x00000007c0000000)
  eden space 65024K, 0% used [0x000000076b600000,0x000000076b600000,0x000000076f580000)
  from space 10752K, 77% used [0x0000000770000000,0x000000077081d6b0,0x0000000770a80000)
  to   space 10752K, 0% used [0x000000076f580000,0x000000076f580000,0x0000000770000000)
 ParOldGen       total 173568K, used 104K [0x00000006c2200000, 0x00000006ccb80000, 0x000000076b600000)
  object space 173568K, 0% used [0x00000006c2200000,0x00000006c221a010,0x00000006ccb80000)
 Metaspace       used 20881K, capacity 21096K, committed 21296K, reserved 1067008K
  class space    used 3044K, capacity 3122K, committed 3200K, reserved 1048576K
}
Event: 1.416 GC heap before
{Heap before GC invocations=3 (full 1):
 PSYoungGen      total 75776K, used 8309K [0x000000076b600000, 0x0000000770a80000, 0x00000007c0000000)
  eden space 65024K, 0% used [0x000000076b600000,0x000000076b600000,0x000000076f580000)
  from space 10752K, 77% used [0x0000000770000000,0x000000077081d6b0,0x0000000770a80000)
  to   space 10752K, 0% used [0x000000076f580000,0x000000076f580000,0x0000000770000000)
 ParOldGen       total 173568K, used 104K [0x00000006c2200000, 0x00000006ccb80000, 0x000000076b600000)
  object space 173568K, 0% used [0x00000006c2200000,0x00000006c221a010,0x00000006ccb80000)
 Metaspace       used 20881K, capacity 21096K, committed 21296K, reserved 1067008K
  class space    used 3044K, capacity 3122K, committed 3200K, reserved 1048576K
Event: 1.440 GC heap after
Heap after GC invocations=3 (full 1):
 PSYoungGen      total 75776K, used 0K [0x000000076b600000, 0x0000000770a80000, 0x00000007c0000000)
  eden space 65024K, 0% used [0x000000076b600000,0x000000076b600000,0x000000076f580000)
  from space 10752K, 0% used [0x0000000770000000,0x0000000770000000,0x0000000770a80000)
  to   space 10752K, 0% used [0x000000076f580000,0x000000076f580000,0x0000000770000000)
 ParOldGen       total 118784K, used 8119K [0x00000006c2200000, 0x00000006c9600000, 0x000000076b600000)
  object space 118784K, 6% used [0x00000006c2200000,0x00000006c29ede20,0x00000006c9600000)
 Metaspace       used 20881K, capacity 21096K, committed 21296K, reserved 1067008K
  class space    used 3044K, capacity 3122K, committed 3200K, reserved 1048576K
}
Event: 4.405 GC heap before
{Heap before GC invocations=4 (full 1):
 PSYoungGen      total 75776K, used 62710K [0x000000076b600000, 0x0000000770a80000, 0x00000007c0000000)
  eden space 65024K, 96% used [0x000000076b600000,0x000000076f33db58,0x000000076f580000)
  from space 10752K, 0% used [0x0000000770000000,0x0000000770000000,0x0000000770a80000)
  to   space 10752K, 0% used [0x000000076f580000,0x000000076f580000,0x0000000770000000)
 ParOldGen       total 118784K, used 8119K [0x00000006c2200000, 0x00000006c9600000, 0x000000076b600000)
  object space 118784K, 6% used [0x00000006c2200000,0x00000006c29ede20,0x00000006c9600000)
 Metaspace       used 34820K, capacity 35186K, committed 35456K, reserved 1079296K
  class space    used 5046K, capacity 5151K, committed 5248K, reserved 1048576K
Event: 4.427 GC heap after
Heap after GC invocations=4 (full 1):
 PSYoungGen      total 75776K, used 10727K [0x000000076b600000, 0x0000000771e80000, 0x00000007c0000000)
  eden space 65024K, 0% used [0x000000076b600000,0x000000076b600000,0x000000076f580000)
  from space 10752K, 99% used [0x000000076f580000,0x000000076fff9d80,0x0000000770000000)
  to   space 10752K, 0% used [0x0000000771400000,0x0000000771400000,0x0000000771e80000)
 ParOldGen       total 118784K, used 10236K [0x00000006c2200000, 0x00000006c9600000, 0x000000076b600000)
  object space 118784K, 8% used [0x00000006c2200000,0x00000006c2bff290,0x00000006c9600000)
 Metaspace       used 34820K, capacity 35186K, committed 35456K, reserved 1079296K
  class space    used 5046K, capacity 5151K, committed 5248K, reserved 1048576K
}
Event: 4.427 GC heap before
{Heap before GC invocations=5 (full 2):
 PSYoungGen      total 75776K, used 10727K [0x000000076b600000, 0x0000000771e80000, 0x00000007c0000000)
  eden space 65024K, 0% used [0x000000076b600000,0x000000076b600000,0x000000076f580000)
  from space 10752K, 99% used [0x000000076f580000,0x000000076fff9d80,0x0000000770000000)
  to   space 10752K, 0% used [0x0000000771400000,0x0000000771400000,0x0000000771e80000)
 ParOldGen       total 118784K, used 10236K [0x00000006c2200000, 0x00000006c9600000, 0x000000076b600000)
  object space 118784K, 8% used [0x00000006c2200000,0x00000006c2bff290,0x00000006c9600000)
 Metaspace       used 34820K, capacity 35186K, committed 35456K, reserved 1079296K
  class space    used 5046K, capacity 5151K, committed 5248K, reserved 1048576K
Event: 4.504 GC heap after
Heap after GC invocations=5 (full 2):
 PSYoungGen      total 75776K, used 0K [0x000000076b600000, 0x0000000771e80000, 0x00000007c0000000)
  eden space 65024K, 0% used [0x000000076b600000,0x000000076b600000,0x000000076f580000)
  from space 10752K, 0% used [0x000000076f580000,0x000000076f580000,0x0000000770000000)
  to   space 10752K, 0% used [0x0000000771400000,0x0000000771400000,0x0000000771e80000)
 ParOldGen       total 118784K, used 17747K [0x00000006c2200000, 0x00000006c9600000, 0x000000076b600000)
  object space 118784K, 14% used [0x00000006c2200000,0x00000006c3354fb8,0x00000006c9600000)
 Metaspace       used 34820K, capacity 35186K, committed 35456K, reserved 1079296K
  class space    used 5046K, capacity 5151K, committed 5248K, reserved 1048576K
}

